8/19/2013 1:18:30 PM AccuAccount - Application Processor: Decision Pro started

8/19/2013 1:18:30 PM Reading all properties of the ApplicationImporter.Configuration object

8/19/2013 1:18:30 PM Property Read: LogFolder - Value: logs\
8/19/2013 1:18:30 PM Property Read: DaysToKeepLogs - Value: 14
8/19/2013 1:18:30 PM Property Read: PathToDBXML - Value: C:\accusystems\config\db.xml
8/19/2013 1:18:30 PM Property Read: FieldMapFile - Value: FieldMappings.xml
8/19/2013 1:18:30 PM Property Read: ProcessedDataFile - Value: ProcessedData.txt
8/19/2013 1:18:30 PM Property Read: BusinessRulesFile - Value: rules.xml

8/19/2013 1:18:30 PM Finished reading properties


8/19/2013 1:18:30 PM Reading all properties of the ApplicationImporter.FieldMapper object

8/19/2013 1:18:30 PM Property Read: customerNameMappedField - Value: Last_Name
8/19/2013 1:18:30 PM Property Read: businessNameMappedField - Value: Bank
8/19/2013 1:18:30 PM Property Read: customerNumberMappedField - Value: CIF_ID
8/19/2013 1:18:30 PM Property Read: TaxIdMappedField - Value: SSN
8/19/2013 1:18:30 PM Property Read: customerStatusMappedField - Value: 
8/19/2013 1:18:30 PM Property Read: customerTypeMappedField - Value: 
8/19/2013 1:18:30 PM Property Read: bankMappedField - Value: 
8/19/2013 1:18:30 PM Property Read: employeeMappedField - Value: 
8/19/2013 1:18:30 PM Property Read: emailMappedField - Value: 
8/19/2013 1:18:30 PM Property Read: customerOfficerMappedField - Value: Decision_Oficer_Name
8/19/2013 1:18:30 PM Property Read: address1MappedField - Value: 
8/19/2013 1:18:30 PM Property Read: address2MappedField - Value: 
8/19/2013 1:18:30 PM Property Read: cityMappedField - Value: 
8/19/2013 1:18:30 PM Property Read: stateMappedField - Value: 
8/19/2013 1:18:30 PM Property Read: zipcodeMappedField - Value: 
8/19/2013 1:18:30 PM Property Read: phoneHomeMappedField - Value: 
8/19/2013 1:18:30 PM Property Read: phoneWorkMappedField - Value: 
8/19/2013 1:18:30 PM Property Read: phoneMobileMappedField - Value: 
8/19/2013 1:18:30 PM Property Read: phoneFaxMappedField - Value: 
8/19/2013 1:18:30 PM Property Read: branchMappedField - Value: 
8/19/2013 1:18:30 PM Property Read: customerLastNameMappedField - Value: Last_Name
8/19/2013 1:18:30 PM Property Read: customerFirstNameMappedField - Value: First_Name
8/19/2013 1:18:30 PM Property Read: customerMiddleNameMappedField - Value: 
8/19/2013 1:18:30 PM Property Read: salutationMappedField - Value: 
8/19/2013 1:18:30 PM Property Read: classificationMappedField - Value: 
8/19/2013 1:18:30 PM Property Read: loanLineLimitMappedField - Value: 
8/19/2013 1:18:30 PM Property Read: applicationNumberMappedField - Value: 
8/19/2013 1:18:30 PM Property Read: loanTypeMappedField - Value: 
8/19/2013 1:18:30 PM Property Read: loanDescriptionMappedField - Value: 
8/19/2013 1:18:30 PM Property Read: loanStatusMappedField - Value: 
8/19/2013 1:18:30 PM Property Read: applicationDateMappedField - Value: 
8/19/2013 1:18:30 PM Property Read: applicationAmountMappedField - Value: 
8/19/2013 1:18:30 PM Property Read: coreClassCodeMappedField - Value: 
8/19/2013 1:18:30 PM Property Read: coreCollCodeMappedField - Value: 
8/19/2013 1:18:30 PM Property Read: corePurposeCodeMappedField - Value: 
8/19/2013 1:18:30 PM Property Read: coreTypeCodeMappedField - Value: 
8/19/2013 1:18:30 PM Property Read: commitmentAmountMappedField - Value: 
8/19/2013 1:18:30 PM Property Read: coreNaicsCodeMappedField - Value: 
8/19/2013 1:18:30 PM Property Read: loanMaturityDateMappedField - Value: 

8/19/2013 1:18:31 PM Finished reading properties

8/19/2013 1:18:31 PM Retrieving Source Data
8/19/2013 1:18:31 PM Connection String: metadata=res://*/AccuLoanDBModel.csdl|res://*/AccuLoanDBModel.ssdl|res://*/AccuLoanDBModel.msl;provider=System.Data.SqlClient;provider connection string='data source=accusys-laptp10\accusystems;initial catalog=acculoan;user id=accusystems;password=accusystems;MultipleActiveResultSets=True;App=EntityFramework'
8/19/2013 1:18:32 PM Customer: 123456789 appears 1 times in the database with different name(s)
8/19/2013 1:18:45 PM Customer: 111223333 appears 0 times in the database with different name(s)
8/19/2013 1:18:45 PM Customer: 121212121 appears 0 times in the database with different name(s)
8/19/2013 1:18:45 PM Customer: 121212121 appears 0 times in the database with different name(s)
8/19/2013 1:18:45 PM Customer: 112233445 appears 1 times in the database with different name(s)
