8/25/2013 10:47:08 PM AccuAccount - Application Processor: Decision Pro started

8/25/2013 10:47:08 PM Reading all properties of the ApplicationProcessor.Configuration object

8/25/2013 10:47:08 PM Property Read: LogFolder - Value: logs\
8/25/2013 10:47:08 PM Property Read: DaysToKeepLogs - Value: 14
8/25/2013 10:47:08 PM Property Read: PathToDBXML - Value: c:\accusystems\config\db.xml
8/25/2013 10:47:08 PM Property Read: FieldMapFile - Value: FieldMappings.xml
8/25/2013 10:47:08 PM Property Read: OutputFile - Value: acculoan.xml
8/25/2013 10:47:08 PM Property Read: RulesFile - Value: Rules.xml
8/25/2013 10:47:08 PM Property Read: SourceDelimitedSQLXML - Value: delimited
8/25/2013 10:47:08 PM Property Read: SourceFile - Value: test.csv
8/25/2013 10:47:08 PM Property Read: CollateralsYN - Value: Y

8/25/2013 10:47:08 PM Finished reading properties


8/25/2013 10:47:08 PM Reading all properties of the ApplicationProcessor.FieldMapper object

8/25/2013 10:47:08 PM Property Read: customerNameMappedField - Value: Last_Name
8/25/2013 10:47:08 PM Property Read: customerNumberMappedField - Value: SSN
8/25/2013 10:47:08 PM Property Read: taxIdMappedField - Value: SSN
8/25/2013 10:47:08 PM Property Read: customerBranchMappedField - Value: 
8/25/2013 10:47:08 PM Property Read: loanNumberMappedField - Value: Loan_Number
8/25/2013 10:47:08 PM Property Read: collateralLoanNumberMappedField - Value: Loan_Number
8/25/2013 10:47:08 PM Property Read: parentLoanNumberMappedField - Value: Loan_Number
8/25/2013 10:47:08 PM Property Read: loanStatusCodeMappedField - Value: 
8/25/2013 10:47:08 PM Property Read: loanAmountMappedField - Value: 
8/25/2013 10:47:08 PM Property Read: loanOrigDateMappedField - Value: 
8/25/2013 10:47:08 PM Property Read: borrowerTypeMappedField - Value: Applicant_Type
8/25/2013 10:47:08 PM Property Read: owningCustomerNumberMappedField - Value: 
8/25/2013 10:47:08 PM Property Read: applicationDateMappedField - Value: Application_Date
8/25/2013 10:47:08 PM Property Read: creditAnalysisStatusMappedField - Value: 
8/25/2013 10:47:08 PM Property Read: requestedAmountMappedField - Value: Amt_Approved
8/25/2013 10:47:08 PM Property Read: primaryCollateralValueMappedField - Value: 
8/25/2013 10:47:08 PM Property Read: FICOMappedField - Value: 
8/25/2013 10:47:08 PM Property Read: valuationDateMappedField - Value: 
8/25/2013 10:47:08 PM Property Read: interestRateMappedField - Value: 
8/25/2013 10:47:08 PM Property Read: probabilityMappedField - Value: 
8/25/2013 10:47:08 PM Property Read: estimatedCloseDateMappedField - Value: 
8/25/2013 10:47:08 PM Property Read: assignedLenderMappedField - Value: Decision_Officer
8/25/2013 10:47:08 PM Property Read: assignedLenderTypeMappedField - Value: 
8/25/2013 10:47:08 PM Property Read: assignedAnalystMappedField - Value: 
8/25/2013 10:47:08 PM Property Read: assignedAnalystTypeMappedField - Value: 
8/25/2013 10:47:08 PM Property Read: assignedLoanProcessorMappedField - Value: 
8/25/2013 10:47:08 PM Property Read: assignedLoanProcessorTypeMappedField - Value: 
8/25/2013 10:47:08 PM Property Read: applicationLockedMappedField - Value: 
8/25/2013 10:47:08 PM Property Read: approvalStatusMappedField - Value: 
8/25/2013 10:47:08 PM Property Read: originatingUserMappedField - Value: 
8/25/2013 10:47:08 PM Property Read: assignedApproverMappedField - Value: 
8/25/2013 10:47:08 PM Property Read: assignedApproverTypeMappedField - Value: 
8/25/2013 10:47:08 PM Property Read: generic1MappedField - Value: First_Name
8/25/2013 10:47:08 PM Property Read: generic2MappedField - Value: Middle_Name
8/25/2013 10:47:08 PM Property Read: generic3MappedField - Value: 
8/25/2013 10:47:08 PM Property Read: generic4MappedField - Value: 

8/25/2013 10:47:08 PM Finished reading properties

8/25/2013 10:47:08 PM Retrieving Source Data
8/25/2013 10:47:09 PM Mapping Source Data to MappedTable
8/25/2013 10:47:09 PM Applying Rules
8/25/2013 10:47:09 PM Processing MTEs
8/25/2013 10:47:09 PM Connection String: metadata=res://*/AccuLoanDBModel.csdl|res://*/AccuLoanDBModel.ssdl|res://*/AccuLoanDBModel.msl;provider=System.Data.SqlClient;provider connection string='data source=accusys-laptp10\accusystems;initial catalog=acculoan;user id=accusystems;password=accusystems;MultipleActiveResultSets=True;App=EntityFramework'
8/25/2013 10:47:09 PM Setting owningCustomer Number
8/25/2013 10:47:09 PM Wrong number of primary relationships for account 27 - primary relationships: 0
8/25/2013 10:47:09 PM Writing XML File for Importer
