8/22/2013 1:30:13 PM AccuAccount - Application Processor: Decision Pro started

8/22/2013 1:30:13 PM Reading all properties of the ApplicationProcessor.Configuration object

8/22/2013 1:30:13 PM Property Read: LogFolder - Value: logs\
8/22/2013 1:30:13 PM Property Read: DaysToKeepLogs - Value: 14
8/22/2013 1:30:13 PM Property Read: PathToDBXML - Value: c:\accusystems\config\db.xml
8/22/2013 1:30:13 PM Property Read: FieldMapFile - Value: FieldMappings.xml
8/22/2013 1:30:13 PM Property Read: OutputFile - Value: acculoan.xml
8/22/2013 1:30:13 PM Property Read: RulesFile - Value: Rules.xml
8/22/2013 1:30:13 PM Property Read: SourceDelimitedSQLXML - Value: delimited
8/22/2013 1:30:13 PM Property Read: SourceFile - Value: test.csv

8/22/2013 1:30:13 PM Finished reading properties


8/22/2013 1:30:13 PM Reading all properties of the ApplicationProcessor.FieldMapper object

8/22/2013 1:30:13 PM Property Read: customerNameMappedField - Value: Last_Name
8/22/2013 1:30:13 PM Property Read: customerNumberMappedField - Value: SSN
8/22/2013 1:30:13 PM Property Read: taxIdMappedField - Value: SSN
8/22/2013 1:30:13 PM Property Read: customerBranchMappedField - Value: 
8/22/2013 1:30:13 PM Property Read: loanNumberMappedField - Value: Loan_Number
8/22/2013 1:30:13 PM Property Read: loanStatusMappedField - Value: 
8/22/2013 1:30:13 PM Property Read: loanAmountMappedField - Value: 
8/22/2013 1:30:13 PM Property Read: loanOrigDateMappedField - Value: 
8/22/2013 1:30:13 PM Property Read: borrowerTypeMappedField - Value: Applicant_Type
8/22/2013 1:30:13 PM Property Read: owningCustomerNumberMappedField - Value: 
8/22/2013 1:30:13 PM Property Read: applicationDateMappedField - Value: Application_Date
8/22/2013 1:30:13 PM Property Read: creditAnalysisStatusMappedField - Value: 
8/22/2013 1:30:13 PM Property Read: requestedAmountMappedField - Value: Amt_Approved
8/22/2013 1:30:13 PM Property Read: primaryCollateralValueMappedField - Value: 
8/22/2013 1:30:13 PM Property Read: FICOMappedField - Value: 
8/22/2013 1:30:13 PM Property Read: valuationDateMappedField - Value: 
8/22/2013 1:30:13 PM Property Read: interestRateMappedField - Value: 
8/22/2013 1:30:13 PM Property Read: probabilityMappedField - Value: 
8/22/2013 1:30:13 PM Property Read: estimatedCloseDateMappedField - Value: 
8/22/2013 1:30:13 PM Property Read: assignedLenderMappedField - Value: Decision_Officer
8/22/2013 1:30:13 PM Property Read: assignedLenderTypeMappedField - Value: 
8/22/2013 1:30:13 PM Property Read: assignedAnalystMappedField - Value: 
8/22/2013 1:30:13 PM Property Read: assignedAnalystTypeMappedField - Value: 
8/22/2013 1:30:13 PM Property Read: assignedLoanProcessorMappedField - Value: 
8/22/2013 1:30:13 PM Property Read: assignedLoanProcessorTypeMappedField - Value: 
8/22/2013 1:30:13 PM Property Read: applicationLockedMappedField - Value: 
8/22/2013 1:30:13 PM Property Read: approvalStatusMappedField - Value: 
8/22/2013 1:30:13 PM Property Read: originatingUserMappedField - Value: 
8/22/2013 1:30:13 PM Property Read: assignedApproverMappedField - Value: 
8/22/2013 1:30:13 PM Property Read: assignedApproverTypeMappedField - Value: 

8/22/2013 1:30:13 PM Finished reading properties

8/22/2013 1:30:13 PM Retrieving Source Data
8/22/2013 1:30:14 PM Mapping Source Data to MappedTable
8/22/2013 1:30:14 PM Processing MTEs
8/22/2013 1:30:14 PM Connection String: metadata=res://*/AccuLoanDBModel.csdl|res://*/AccuLoanDBModel.ssdl|res://*/AccuLoanDBModel.msl;provider=System.Data.SqlClient;provider connection string='data source=accusys-laptp10\accusystems;initial catalog=acculoan;user id=accusystems;password=accusystems;MultipleActiveResultSets=True;App=EntityFramework'
8/22/2013 1:30:15 PM Applying Rules
8/22/2013 1:30:15 PM Setting owningCustomer Number
8/22/2013 1:30:15 PM Writing XML File for Importer
