8/21/2013 5:07:36 PM AccuAccount - Application Processor: Decision Pro started

8/21/2013 5:07:36 PM Reading all properties of the ApplicationImporter.Configuration object

8/21/2013 5:07:36 PM Property Read: LogFolder - Value: logs\
8/21/2013 5:07:36 PM Property Read: DaysToKeepLogs - Value: 14
8/21/2013 5:07:36 PM Property Read: PathToDBXML - Value: c:\accusystems\config\db.xml
8/21/2013 5:07:36 PM Property Read: FieldMapFile - Value: FieldMappings.xml
8/21/2013 5:07:36 PM Property Read: ProcessedDataFile - Value: ProcessedData.txt
8/21/2013 5:07:36 PM Property Read: RulesFile - Value: Rules.xml
8/21/2013 5:07:36 PM Property Read: SourceDelimitedSQLXML - Value: delimited
8/21/2013 5:07:36 PM Property Read: SourceFile - Value: test.csv

8/21/2013 5:07:36 PM Finished reading properties


8/21/2013 5:07:36 PM Reading all properties of the ApplicationImporter.FieldMapper object

8/21/2013 5:07:36 PM Property Read: customerNameMappedField - Value: Last_Name
8/21/2013 5:07:36 PM Property Read: customerNumberMappedField - Value: CIF_ID
8/21/2013 5:07:36 PM Property Read: taxIdMappedField - Value: SSN
8/21/2013 5:07:36 PM Property Read: branchMappedField - Value: 
8/21/2013 5:07:36 PM Property Read: applicationNumberMappedField - Value: 
8/21/2013 5:07:36 PM Property Read: applicationStatusMappedField - Value: 
8/21/2013 5:07:36 PM Property Read: requestedAmountMappedField - Value: 
8/21/2013 5:07:36 PM Property Read: applicationDateMappedField - Value: 
8/21/2013 5:07:36 PM Property Read: creditAnalysisStatusMappedField - Value: 
8/21/2013 5:07:36 PM Property Read: primaryCollateralValueMappedField - Value: 
8/21/2013 5:07:36 PM Property Read: FICOMappedField - Value: 
8/21/2013 5:07:36 PM Property Read: valuationDateMappedField - Value: 
8/21/2013 5:07:36 PM Property Read: interestRateMappedField - Value: 
8/21/2013 5:07:36 PM Property Read: probabilityMappedField - Value: 
8/21/2013 5:07:36 PM Property Read: estimatedCloseDateMappedField - Value: 
8/21/2013 5:07:36 PM Property Read: assignedLenderMappedField - Value: 
8/21/2013 5:07:36 PM Property Read: assignedLenderTypeMappedField - Value: 
8/21/2013 5:07:36 PM Property Read: assignedAnalystMappedField - Value: 
8/21/2013 5:07:36 PM Property Read: assignedAnalystTypeMappedField - Value: 
8/21/2013 5:07:36 PM Property Read: assignedLoanProcessorMappedField - Value: 
8/21/2013 5:07:36 PM Property Read: assignedLoanProcessorTypeMappedField - Value: 
8/21/2013 5:07:36 PM Property Read: applicationLockedMappedField - Value: 
8/21/2013 5:07:36 PM Property Read: approvalStatusMappedField - Value: 
8/21/2013 5:07:36 PM Property Read: originatingUserMappedField - Value: 
8/21/2013 5:07:36 PM Property Read: assignedApproverMappedField - Value: 

8/21/2013 5:07:36 PM Finished reading properties

8/21/2013 5:07:36 PM Retrieving Source Data
8/21/2013 5:07:37 PM Mapping Source Data to MappedTable
8/21/2013 5:07:37 PM Processing MTEs
8/21/2013 5:07:37 PM Connection String: metadata=res://*/AccuLoanDBModel.csdl|res://*/AccuLoanDBModel.ssdl|res://*/AccuLoanDBModel.msl;provider=System.Data.SqlClient;provider connection string='data source=accusys-laptp10\accusystems;initial catalog=acculoan;user id=accusystems;password=accusystems;MultipleActiveResultSets=True;App=EntityFramework'
8/21/2013 5:07:38 PM Applying Rules
8/21/2013 5:07:38 PM Writing XML File for Importer
