8/27/2013 5:01:06 PM AccuAccount - Application Processor: Decision Pro started

8/27/2013 5:01:06 PM Reading all properties of the ApplicationProcessor.Configuration object

8/27/2013 5:01:06 PM Property Read: LogFolder - Value: logs\
8/27/2013 5:01:06 PM Property Read: DaysToKeepLogs - Value: 14
8/27/2013 5:01:06 PM Property Read: PathToDBXML - Value: c:\accusystems\config\db.xml
8/27/2013 5:01:06 PM Property Read: FieldMapFile - Value: FieldMappings.xml
8/27/2013 5:01:06 PM Property Read: OutputFile - Value: acculoan.xml
8/27/2013 5:01:06 PM Property Read: RulesFile - Value: Rules.xml
8/27/2013 5:01:06 PM Property Read: SourceDelimitedSQLXML - Value: SQL
8/27/2013 5:01:06 PM Property Read: SourceSQLQueryFile - Value: SQLQuery.txt
8/27/2013 5:01:06 PM Property Read: SourceSQLConnectionString - Value: Server=accusys-laptp10\accusystems;Database=testing;trusted_connection=yes
8/27/2013 5:01:06 PM Property Read: SourceFile - Value: test.csv
8/27/2013 5:01:06 PM Property Read: CollateralsYN - Value: Y
8/27/2013 5:01:06 PM Property Read: ProcessMTEs - Value: Y

8/27/2013 5:01:06 PM Finished reading properties


8/27/2013 5:01:06 PM Reading all properties of the ApplicationProcessor.FieldMapper object

8/27/2013 5:01:06 PM Property Read: customerNameFieldName - Value: customerName
8/27/2013 5:01:06 PM Property Read: customerNumberFieldName - Value: customerNumber
8/27/2013 5:01:06 PM Property Read: taxIdFieldName - Value: taxId
8/27/2013 5:01:06 PM Property Read: customerBranchFieldName - Value: customerBranch
8/27/2013 5:01:06 PM Property Read: customerOfficerCodeFieldName - Value: customerOfficerCode
8/27/2013 5:01:06 PM Property Read: loanNumberFieldName - Value: loanNumber
8/27/2013 5:01:06 PM Property Read: collateralLoanNumberFieldName - Value: collateralLoanNumber
8/27/2013 5:01:06 PM Property Read: parentLoanNumberFieldName - Value: parentLoanNumber
8/27/2013 5:01:06 PM Property Read: accountClassFieldName - Value: accountClass
8/27/2013 5:01:06 PM Property Read: loanTypeCodeFieldName - Value: loanTypeCode
8/27/2013 5:01:06 PM Property Read: collateralLoanTypeCodeFieldName - Value: collateralLoanTypeCode
8/27/2013 5:01:06 PM Property Read: loanStatusCodeFieldName - Value: loanStatusCode
8/27/2013 5:01:06 PM Property Read: loanAmountFieldName - Value: loanAmount
8/27/2013 5:01:06 PM Property Read: loanOriginationDateFieldName - Value: loanOriginationDate
8/27/2013 5:01:06 PM Property Read: loanDescriptionFieldName - Value: loanDescription
8/27/2013 5:01:06 PM Property Read: collateralDescriptionFieldName - Value: collateralDescription
8/27/2013 5:01:06 PM Property Read: borrowerTypeFieldName - Value: borrowerType
8/27/2013 5:01:06 PM Property Read: owningCustomerNumberFieldName - Value: owningCustomerNumber
8/27/2013 5:01:06 PM Property Read: applicationDateFieldName - Value: applicationDate
8/27/2013 5:01:06 PM Property Read: creditAnalysisStatusFieldName - Value: creditAnalysisStatus
8/27/2013 5:01:06 PM Property Read: requestedAmountFieldName - Value: requestedAmount
8/27/2013 5:01:06 PM Property Read: primaryCollateralValueFieldName - Value: primaryCollateralValue
8/27/2013 5:01:06 PM Property Read: FICOFieldName - Value: FICO
8/27/2013 5:01:06 PM Property Read: valuationDateFieldName - Value: valuationDate
8/27/2013 5:01:06 PM Property Read: interestRateFieldName - Value: interestRate
8/27/2013 5:01:06 PM Property Read: probabilityFieldName - Value: probability
8/27/2013 5:01:06 PM Property Read: estimatedCloseDateFieldName - Value: estimatedCloseDate
8/27/2013 5:01:06 PM Property Read: assignedLenderFieldName - Value: assignedLender
8/27/2013 5:01:06 PM Property Read: assignedLenderTypeFieldName - Value: assignedLenderType
8/27/2013 5:01:06 PM Property Read: assignedAnalystFieldName - Value: assignedAnalyst
8/27/2013 5:01:06 PM Property Read: assignedAnalystTypeFieldName - Value: assignedAnalystType
8/27/2013 5:01:06 PM Property Read: assignedLoanProcessorFieldName - Value: assignedLoanProcessor
8/27/2013 5:01:06 PM Property Read: assignedLoanProcessorTypeFieldName - Value: assignedLoanProcessorType
8/27/2013 5:01:06 PM Property Read: applicationLockedFieldName - Value: applicationLocked
8/27/2013 5:01:06 PM Property Read: approvalStatusFieldName - Value: approvalStatus
8/27/2013 5:01:06 PM Property Read: originatingUserFieldName - Value: originatingUser
8/27/2013 5:01:06 PM Property Read: assignedApproverFieldName - Value: assignedApprover
8/27/2013 5:01:06 PM Property Read: assignedApproverTypeFieldName - Value: assignedApproverType
8/27/2013 5:01:06 PM Property Read: generic1FieldName - Value: generic1
8/27/2013 5:01:06 PM Property Read: generic2FieldName - Value: generic2
8/27/2013 5:01:06 PM Property Read: generic3FieldName - Value: generic3
8/27/2013 5:01:06 PM Property Read: generic4FieldName - Value: generic4
8/27/2013 5:01:06 PM Property Read: customerNameMappedField - Value: Last_Name
8/27/2013 5:01:06 PM Property Read: customerNumberMappedField - Value: SSN
8/27/2013 5:01:06 PM Property Read: taxIdMappedField - Value: SSN
8/27/2013 5:01:06 PM Property Read: customerBranchMappedField - Value: 
8/27/2013 5:01:06 PM Property Read: customerOfficerCodeMappedField - Value: Decision_Oficer_Name
8/27/2013 5:01:06 PM Property Read: loanNumberMappedField - Value: Loan_Number
8/27/2013 5:01:06 PM Property Read: collateralLoanNumberMappedField - Value: Loan_Number
8/27/2013 5:01:06 PM Property Read: parentLoanNumberMappedField - Value: Loan_Number
8/27/2013 5:01:06 PM Property Read: accountClassMappedField - Value: 
8/27/2013 5:01:06 PM Property Read: loanTypeCodeMappedField - Value: Loan_Type
8/27/2013 5:01:06 PM Property Read: collateralLoanTypeCodeMappedField - Value: Collateral_Type
8/27/2013 5:01:06 PM Property Read: loanStatusCodeMappedField - Value: 
8/27/2013 5:01:06 PM Property Read: loanAmountMappedField - Value: 
8/27/2013 5:01:06 PM Property Read: loanOriginationDateMappedField - Value: 
8/27/2013 5:01:06 PM Property Read: loanDescriptionMappedField - Value: 
8/27/2013 5:01:06 PM Property Read: collateralDescriptionMappedField - Value: Description
8/27/2013 5:01:06 PM Property Read: borrowerTypeMappedField - Value: Applicant_Type
8/27/2013 5:01:06 PM Property Read: owningCustomerNumberMappedField - Value: 
8/27/2013 5:01:06 PM Property Read: applicationDateMappedField - Value: Application_Date
8/27/2013 5:01:06 PM Property Read: creditAnalysisStatusMappedField - Value: 
8/27/2013 5:01:06 PM Property Read: requestedAmountMappedField - Value: Amt_Approved
8/27/2013 5:01:06 PM Property Read: primaryCollateralValueMappedField - Value: 
8/27/2013 5:01:06 PM Property Read: FICOMappedField - Value: 
8/27/2013 5:01:06 PM Property Read: valuationDateMappedField - Value: 
8/27/2013 5:01:06 PM Property Read: interestRateMappedField - Value: 
8/27/2013 5:01:06 PM Property Read: probabilityMappedField - Value: 
8/27/2013 5:01:06 PM Property Read: estimatedCloseDateMappedField - Value: 
8/27/2013 5:01:06 PM Property Read: assignedLenderMappedField - Value: Decision_Officer
8/27/2013 5:01:06 PM Property Read: assignedLenderTypeMappedField - Value: 
8/27/2013 5:01:06 PM Property Read: assignedAnalystMappedField - Value: 
8/27/2013 5:01:06 PM Property Read: assignedAnalystTypeMappedField - Value: 
8/27/2013 5:01:06 PM Property Read: assignedLoanProcessorMappedField - Value: 
8/27/2013 5:01:06 PM Property Read: assignedLoanProcessorTypeMappedField - Value: 
8/27/2013 5:01:06 PM Property Read: applicationLockedMappedField - Value: 
8/27/2013 5:01:06 PM Property Read: approvalStatusMappedField - Value: 
8/27/2013 5:01:06 PM Property Read: originatingUserMappedField - Value: 
8/27/2013 5:01:06 PM Property Read: assignedApproverMappedField - Value: 
8/27/2013 5:01:06 PM Property Read: assignedApproverTypeMappedField - Value: 
8/27/2013 5:01:06 PM Property Read: generic1MappedField - Value: First_Name
8/27/2013 5:01:06 PM Property Read: generic2MappedField - Value: Middle_Name
8/27/2013 5:01:06 PM Property Read: generic3MappedField - Value: 
8/27/2013 5:01:06 PM Property Read: generic4MappedField - Value: 

8/27/2013 5:01:06 PM Finished reading properties

8/27/2013 5:01:06 PM Retrieving Source Data
8/27/2013 5:01:06 PM Mapping Source Data to MappedTable
8/27/2013 5:01:06 PM Applying Rules
8/27/2013 5:01:06 PM Processing MTEs
8/27/2013 5:01:06 PM Connection String: metadata=res://*/AccuLoanDBModel.csdl|res://*/AccuLoanDBModel.ssdl|res://*/AccuLoanDBModel.msl;provider=System.Data.SqlClient;provider connection string='data source=accusys-laptp10\accusystems;initial catalog=acculoan;user id=accusystems;password=accusystems;MultipleActiveResultSets=True;App=EntityFramework'
8/27/2013 5:01:07 PM Setting owningCustomer Number
8/27/2013 5:01:07 PM Wrong number of primary relationships for account APP_123456 - primary relationships: 0
8/27/2013 5:01:07 PM Writing XML File for Importer
