8/26/2013 8:18:09 AM AccuAccount - Application Processor: Decision Pro started

8/26/2013 8:18:09 AM Reading all properties of the ApplicationProcessor.Configuration object

8/26/2013 8:18:09 AM Property Read: LogFolder - Value: logs\
8/26/2013 8:18:09 AM Property Read: DaysToKeepLogs - Value: 14
8/26/2013 8:18:09 AM Property Read: PathToDBXML - Value: c:\accusystems\config\db.xml
8/26/2013 8:18:09 AM Property Read: FieldMapFile - Value: FieldMappings.xml
8/26/2013 8:18:09 AM Property Read: OutputFile - Value: acculoan.xml
8/26/2013 8:18:09 AM Property Read: RulesFile - Value: Rules.xml
8/26/2013 8:18:09 AM Property Read: SourceDelimitedSQLXML - Value: delimited
8/26/2013 8:18:09 AM Property Read: SourceFile - Value: test.csv
8/26/2013 8:18:09 AM Property Read: CollateralsYN - Value: Y

8/26/2013 8:18:09 AM Finished reading properties


8/26/2013 8:18:09 AM Reading all properties of the ApplicationProcessor.FieldMapper object

8/26/2013 8:18:09 AM Property Read: customerNameMappedField - Value: Last_Name
8/26/2013 8:18:09 AM Property Read: customerNumberMappedField - Value: SSN
8/26/2013 8:18:09 AM Property Read: taxIdMappedField - Value: SSN
8/26/2013 8:18:09 AM Property Read: customerBranchMappedField - Value: 
8/26/2013 8:18:09 AM Property Read: loanNumberMappedField - Value: Loan_Number
8/26/2013 8:18:09 AM Property Read: collateralLoanNumberMappedField - Value: Loan_Number
8/26/2013 8:18:09 AM Property Read: parentLoanNumberMappedField - Value: Loan_Number
8/26/2013 8:18:09 AM Property Read: loanStatusCodeMappedField - Value: 
8/26/2013 8:18:09 AM Property Read: loanAmountMappedField - Value: 
8/26/2013 8:18:09 AM Property Read: loanOrigDateMappedField - Value: 
8/26/2013 8:18:09 AM Property Read: borrowerTypeMappedField - Value: Applicant_Type
8/26/2013 8:18:09 AM Property Read: owningCustomerNumberMappedField - Value: 
8/26/2013 8:18:09 AM Property Read: applicationDateMappedField - Value: Application_Date
8/26/2013 8:18:09 AM Property Read: creditAnalysisStatusMappedField - Value: 
8/26/2013 8:18:09 AM Property Read: requestedAmountMappedField - Value: Amt_Approved
8/26/2013 8:18:09 AM Property Read: primaryCollateralValueMappedField - Value: 
8/26/2013 8:18:09 AM Property Read: FICOMappedField - Value: 
8/26/2013 8:18:09 AM Property Read: valuationDateMappedField - Value: 
8/26/2013 8:18:09 AM Property Read: interestRateMappedField - Value: 
8/26/2013 8:18:09 AM Property Read: probabilityMappedField - Value: 
8/26/2013 8:18:09 AM Property Read: estimatedCloseDateMappedField - Value: 
8/26/2013 8:18:09 AM Property Read: assignedLenderMappedField - Value: Decision_Officer
8/26/2013 8:18:09 AM Property Read: assignedLenderTypeMappedField - Value: 
8/26/2013 8:18:09 AM Property Read: assignedAnalystMappedField - Value: 
8/26/2013 8:18:09 AM Property Read: assignedAnalystTypeMappedField - Value: 
8/26/2013 8:18:09 AM Property Read: assignedLoanProcessorMappedField - Value: 
8/26/2013 8:18:09 AM Property Read: assignedLoanProcessorTypeMappedField - Value: 
8/26/2013 8:18:09 AM Property Read: applicationLockedMappedField - Value: 
8/26/2013 8:18:09 AM Property Read: approvalStatusMappedField - Value: 
8/26/2013 8:18:09 AM Property Read: originatingUserMappedField - Value: 
8/26/2013 8:18:09 AM Property Read: assignedApproverMappedField - Value: 
8/26/2013 8:18:09 AM Property Read: assignedApproverTypeMappedField - Value: 
8/26/2013 8:18:09 AM Property Read: generic1MappedField - Value: First_Name
8/26/2013 8:18:09 AM Property Read: generic2MappedField - Value: Middle_Name
8/26/2013 8:18:09 AM Property Read: generic3MappedField - Value: 
8/26/2013 8:18:09 AM Property Read: generic4MappedField - Value: 

8/26/2013 8:18:09 AM Finished reading properties

8/26/2013 8:18:09 AM Retrieving Source Data
8/26/2013 8:18:10 AM Mapping Source Data to MappedTable
8/26/2013 8:18:10 AM Applying Rules
8/26/2013 8:18:10 AM Processing MTEs
8/26/2013 8:18:10 AM Connection String: metadata=res://*/AccuLoanDBModel.csdl|res://*/AccuLoanDBModel.ssdl|res://*/AccuLoanDBModel.msl;provider=System.Data.SqlClient;provider connection string='data source=accusys-laptp10\accusystems;initial catalog=acculoan;user id=accusystems;password=accusystems;MultipleActiveResultSets=True;App=EntityFramework'
8/26/2013 8:18:11 AM Setting owningCustomer Number
8/26/2013 8:18:11 AM Writing XML File for Importer
