8/27/2013 10:51:00 AM AccuAccount - Application Processor: Decision Pro started

8/27/2013 10:51:00 AM Reading all properties of the ApplicationProcessor.Configuration object

8/27/2013 10:51:00 AM Property Read: LogFolder - Value: logs\
8/27/2013 10:51:00 AM Property Read: DaysToKeepLogs - Value: 14
8/27/2013 10:51:00 AM Property Read: PathToDBXML - Value: c:\accusystems\config\db.xml
8/27/2013 10:51:00 AM Property Read: FieldMapFile - Value: FieldMappings.xml
8/27/2013 10:51:00 AM Property Read: OutputFile - Value: acculoan.xml
8/27/2013 10:51:00 AM Property Read: RulesFile - Value: Rules.xml
8/27/2013 10:51:00 AM Property Read: SourceDelimitedSQLXML - Value: delimited
8/27/2013 10:51:00 AM Property Read: SourceFile - Value: test.csv
8/27/2013 10:51:00 AM Property Read: CollateralsYN - Value: Y

8/27/2013 10:51:00 AM Finished reading properties


8/27/2013 10:51:00 AM Reading all properties of the ApplicationProcessor.FieldMapper object

8/27/2013 10:51:00 AM Property Read: customerNameFieldName - Value: customerName
8/27/2013 10:51:00 AM Property Read: customerNumberFieldName - Value: customerNumber
8/27/2013 10:51:00 AM Property Read: taxIdFieldName - Value: taxId
8/27/2013 10:51:00 AM Property Read: customerBranchFieldName - Value: customerBranch
8/27/2013 10:51:00 AM Property Read: customerOfficerCodeFieldName - Value: customerOfficerCode
8/27/2013 10:51:00 AM Property Read: loanNumberFieldName - Value: loanNumber
8/27/2013 10:51:00 AM Property Read: collateralLoanNumberFieldName - Value: collateralLoanNumber
8/27/2013 10:51:00 AM Property Read: parentLoanNumberFieldName - Value: parentLoanNumber
8/27/2013 10:51:00 AM Property Read: accountClassFieldName - Value: accountClass
8/27/2013 10:51:00 AM Property Read: loanTypeCodeFieldName - Value: loanTypeCode
8/27/2013 10:51:00 AM Property Read: collateralLoanTypeCodeFieldName - Value: collateralLoanTypeCode
8/27/2013 10:51:00 AM Property Read: loanStatusCodeFieldName - Value: loanStatusCode
8/27/2013 10:51:00 AM Property Read: loanAmountFieldName - Value: loanAmount
8/27/2013 10:51:00 AM Property Read: loanOriginationDateFieldName - Value: loanOriginationDate
8/27/2013 10:51:00 AM Property Read: loanDescriptionFieldName - Value: loanDescription
8/27/2013 10:51:00 AM Property Read: collateralDescriptionFieldName - Value: collateralDescription
8/27/2013 10:51:00 AM Property Read: borrowerTypeFieldName - Value: borrowerType
8/27/2013 10:51:00 AM Property Read: owningCustomerNumberFieldName - Value: owningCustomerNumber
8/27/2013 10:51:00 AM Property Read: applicationDateFieldName - Value: applicationDate
8/27/2013 10:51:00 AM Property Read: creditAnalysisStatusFieldName - Value: creditAnalysisStatus
8/27/2013 10:51:00 AM Property Read: requestedAmountFieldName - Value: requestedAmount
8/27/2013 10:51:00 AM Property Read: primaryCollateralValueFieldName - Value: primaryCollateralValue
8/27/2013 10:51:00 AM Property Read: FICOFieldName - Value: FICO
8/27/2013 10:51:00 AM Property Read: valuationDateFieldName - Value: valuationDate
8/27/2013 10:51:00 AM Property Read: interestRateFieldName - Value: interestRate
8/27/2013 10:51:00 AM Property Read: probabilityFieldName - Value: probability
8/27/2013 10:51:00 AM Property Read: estimatedCloseDateFieldName - Value: estimatedCloseDate
8/27/2013 10:51:00 AM Property Read: assignedLenderFieldName - Value: assignedLender
8/27/2013 10:51:00 AM Property Read: assignedLenderTypeFieldName - Value: assignedLenderType
8/27/2013 10:51:00 AM Property Read: assignedAnalystFieldName - Value: assignedAnalyst
8/27/2013 10:51:00 AM Property Read: assignedAnalystTypeFieldName - Value: assignedAnalystType
8/27/2013 10:51:00 AM Property Read: assignedLoanProcessorFieldName - Value: assignedLoanProcessor
8/27/2013 10:51:00 AM Property Read: assignedLoanProcessorTypeFieldName - Value: assignedLoanProcessorType
8/27/2013 10:51:00 AM Property Read: applicationLockedFieldName - Value: applicationLocked
8/27/2013 10:51:00 AM Property Read: approvalStatusFieldName - Value: approvalStatus
8/27/2013 10:51:00 AM Property Read: originatingUserFieldName - Value: originatingUser
8/27/2013 10:51:00 AM Property Read: assignedApproverFieldName - Value: assignedApprover
8/27/2013 10:51:00 AM Property Read: assignedApproverTypeFieldName - Value: assignedApproverType
8/27/2013 10:51:00 AM Property Read: generic1FieldName - Value: generic1
8/27/2013 10:51:00 AM Property Read: generic2FieldName - Value: generic2
8/27/2013 10:51:00 AM Property Read: generic3FieldName - Value: generic3
8/27/2013 10:51:00 AM Property Read: generic4FieldName - Value: generic4
8/27/2013 10:51:00 AM Property Read: customerNameMappedField - Value: Last_Name
8/27/2013 10:51:00 AM Property Read: customerNumberMappedField - Value: SSN
8/27/2013 10:51:00 AM Property Read: taxIdMappedField - Value: SSN
8/27/2013 10:51:00 AM Property Read: customerBranchMappedField - Value: 
8/27/2013 10:51:00 AM Property Read: customerOfficerCodeMappedField - Value: Decision_Oficer_Name
8/27/2013 10:51:00 AM Property Read: loanNumberMappedField - Value: Loan_Number
8/27/2013 10:51:00 AM Property Read: collateralLoanNumberMappedField - Value: Loan_Number
8/27/2013 10:51:00 AM Property Read: parentLoanNumberMappedField - Value: Loan_Number
8/27/2013 10:51:00 AM Property Read: accountClassMappedField - Value: 
8/27/2013 10:51:00 AM Property Read: loanTypeCodeMappedField - Value: Loan_Type
8/27/2013 10:51:00 AM Property Read: collateralLoanTypeCodeMappedField - Value: Collateral_Type
8/27/2013 10:51:00 AM Property Read: loanStatusCodeMappedField - Value: 
8/27/2013 10:51:00 AM Property Read: loanAmountMappedField - Value: 
8/27/2013 10:51:00 AM Property Read: loanOriginationDateMappedField - Value: 
8/27/2013 10:51:00 AM Property Read: loanDescriptionMappedField - Value: 
8/27/2013 10:51:00 AM Property Read: collateralDescriptionMappedField - Value: Description
8/27/2013 10:51:00 AM Property Read: borrowerTypeMappedField - Value: Applicant_Type
8/27/2013 10:51:00 AM Property Read: owningCustomerNumberMappedField - Value: 
8/27/2013 10:51:00 AM Property Read: applicationDateMappedField - Value: Application_Date
8/27/2013 10:51:00 AM Property Read: creditAnalysisStatusMappedField - Value: 
8/27/2013 10:51:00 AM Property Read: requestedAmountMappedField - Value: Amt_Approved
8/27/2013 10:51:00 AM Property Read: primaryCollateralValueMappedField - Value: 
8/27/2013 10:51:00 AM Property Read: FICOMappedField - Value: 
8/27/2013 10:51:00 AM Property Read: valuationDateMappedField - Value: 
8/27/2013 10:51:00 AM Property Read: interestRateMappedField - Value: 
8/27/2013 10:51:00 AM Property Read: probabilityMappedField - Value: 
8/27/2013 10:51:00 AM Property Read: estimatedCloseDateMappedField - Value: 
8/27/2013 10:51:00 AM Property Read: assignedLenderMappedField - Value: Decision_Officer
8/27/2013 10:51:00 AM Property Read: assignedLenderTypeMappedField - Value: 
8/27/2013 10:51:00 AM Property Read: assignedAnalystMappedField - Value: 
8/27/2013 10:51:00 AM Property Read: assignedAnalystTypeMappedField - Value: 
8/27/2013 10:51:00 AM Property Read: assignedLoanProcessorMappedField - Value: 
8/27/2013 10:51:00 AM Property Read: assignedLoanProcessorTypeMappedField - Value: 
8/27/2013 10:51:00 AM Property Read: applicationLockedMappedField - Value: 
8/27/2013 10:51:00 AM Property Read: approvalStatusMappedField - Value: 
8/27/2013 10:51:00 AM Property Read: originatingUserMappedField - Value: 
8/27/2013 10:51:00 AM Property Read: assignedApproverMappedField - Value: 
8/27/2013 10:51:00 AM Property Read: assignedApproverTypeMappedField - Value: 
8/27/2013 10:51:00 AM Property Read: generic1MappedField - Value: First_Name
8/27/2013 10:51:00 AM Property Read: generic2MappedField - Value: Middle_Name
8/27/2013 10:51:00 AM Property Read: generic3MappedField - Value: 
8/27/2013 10:51:00 AM Property Read: generic4MappedField - Value: 

8/27/2013 10:51:00 AM Finished reading properties

8/27/2013 10:51:00 AM Retrieving Source Data
8/27/2013 10:51:00 AM Mapping Source Data to MappedTable
8/27/2013 10:51:00 AM Applying Rules
8/27/2013 10:51:00 AM Processing MTEs
8/27/2013 10:51:00 AM Connection String: metadata=res://*/AccuLoanDBModel.csdl|res://*/AccuLoanDBModel.ssdl|res://*/AccuLoanDBModel.msl;provider=System.Data.SqlClient;provider connection string='data source=accusys-laptp10\accusystems;initial catalog=acculoan;user id=accusystems;password=accusystems;MultipleActiveResultSets=True;App=EntityFramework'
8/27/2013 10:51:01 AM Setting owningCustomer Number
8/27/2013 10:51:01 AM Writing XML File for Importer
